[12/07/24 19:14:44] [INFORMACIÓN] Se han creado las tablas 
[12/07/24 19:14:44] [INFORMACIÓN] Se han borrado los datos 
[12/07/24 19:14:44] [INFORMACIÓN] Se ha recuperado la sesion Andar 
[12/07/24 19:14:44] [INFORMACIÓN] Se ha insertado la Sesion: Andar 
[12/07/24 19:14:44] [INFORMACIÓN] Se ha recuperado la sesion Andar 
[12/07/24 19:14:44] [INFORMACIÓN] Se ha insertado la Sesion: Andar 
[12/07/24 19:14:44] [INFORMACIÓN] Se ha recuperado la sesion Andar 
[12/07/24 19:14:45] [INFORMACIÓN] Se ha insertado la Sesion: Andar 
[12/07/24 19:14:45] [INFORMACIÓN] Se ha recuperado la sesion Andar 
[12/07/24 19:14:45] [INFORMACIÓN] Se ha insertado la Sesion: Andar 
[12/07/24 19:14:45] [INFORMACIÓN] Se ha recuperado la sesion Andar 
[12/07/24 19:14:45] [INFORMACIÓN] Se ha insertado la Sesion: Andar 
[12/07/24 19:14:45] [INFORMACIÓN] Se ha recuperado la sesion Andar 
[12/07/24 19:14:45] [INFORMACIÓN] Se ha insertado la Sesion: Andar 
[12/07/24 19:14:45] [INFORMACIÓN] Se ha recuperado la sesion Andar 
[12/07/24 19:14:45] [INFORMACIÓN] Se ha insertado la Sesion: Andar 
[12/07/24 19:14:45] [INFORMACIÓN] Se ha recuperado la sesion Andar 
[12/07/24 19:14:45] [INFORMACIÓN] Se ha insertado la Sesion: Andar 
[12/07/24 19:14:45] [INFORMACIÓN] Se ha recuperado la sesion Andar 
[12/07/24 19:14:45] [INFORMACIÓN] Se ha insertado la Sesion: Andar 
[12/07/24 19:14:45] [INFORMACIÓN] Se ha recuperado la sesion Andar 
[12/07/24 19:14:45] [INFORMACIÓN] Se ha insertado la Sesion: Andar 
[12/07/24 19:14:45] [INFORMACIÓN] Se ha recuperado la sesion Andar 
[12/07/24 19:14:45] [INFORMACIÓN] Se ha insertado la Sesion: Andar 
[12/07/24 19:14:45] [INFORMACIÓN] Se ha recuperado la sesion Andar 
[12/07/24 19:14:45] [INFORMACIÓN] Se ha insertado la Sesion: Andar 
[12/07/24 19:14:45] [INFORMACIÓN] Se ha recuperado la sesion Andar 
[12/07/24 19:14:45] [INFORMACIÓN] Se ha insertado la Sesion: Andar 
[12/07/24 19:14:45] [INFORMACIÓN] Se ha recuperado la sesion Andar 
[12/07/24 19:14:45] [INFORMACIÓN] Se ha insertado la Sesion: Andar 
[12/07/24 19:14:45] [INFORMACIÓN] Se ha recuperado la sesion Core 
[12/07/24 19:14:45] [INFORMACIÓN] Se ha insertado la Sesion: Core 
[12/07/24 19:14:45] [INFORMACIÓN] Se ha recuperado la sesion Core 
[12/07/24 19:14:45] [INFORMACIÓN] Se ha insertado la Sesion: Core 
[12/07/24 19:14:45] [INFORMACIÓN] Se ha recuperado la sesion Core 
[12/07/24 19:14:45] [INFORMACIÓN] Se ha insertado la Sesion: Core 
[12/07/24 19:14:45] [INFORMACIÓN] Se ha recuperado la sesion Core 
[12/07/24 19:14:45] [INFORMACIÓN] Se ha insertado la Sesion: Core 
[12/07/24 19:14:45] [INFORMACIÓN] Se ha recuperado la sesion Core 
[12/07/24 19:14:45] [INFORMACIÓN] Se ha insertado la Sesion: Core 
[12/07/24 19:14:45] [INFORMACIÓN] Se ha recuperado la sesion Core 
[12/07/24 19:14:45] [INFORMACIÓN] Se ha insertado la Sesion: Core 
[12/07/24 19:14:45] [INFORMACIÓN] Se ha recuperado la sesion Core 
[12/07/24 19:14:45] [INFORMACIÓN] Se ha insertado la Sesion: Core 
[12/07/24 19:14:45] [INFORMACIÓN] Se ha recuperado la sesion Core 
[12/07/24 19:14:45] [INFORMACIÓN] Se ha insertado la Sesion: Core 
[12/07/24 19:14:45] [INFORMACIÓN] Se ha recuperado la sesion Core 
[12/07/24 19:14:45] [INFORMACIÓN] Se ha insertado la Sesion: Core 
[12/07/24 19:14:45] [INFORMACIÓN] Se ha recuperado la sesion Core 
[12/07/24 19:14:45] [INFORMACIÓN] Se ha insertado la Sesion: Core 
[12/07/24 19:14:45] [INFORMACIÓN] Se ha recuperado la sesion Core 
[12/07/24 19:14:45] [INFORMACIÓN] Se ha insertado la Sesion: Core 
[12/07/24 19:14:45] [INFORMACIÓN] Se ha recuperado la sesion Core 
[12/07/24 19:14:45] [INFORMACIÓN] Se ha insertado la Sesion: Core 
[12/07/24 19:14:45] [INFORMACIÓN] Se ha recuperado la sesion Core 
[12/07/24 19:14:45] [INFORMACIÓN] Se ha insertado la Sesion: Core 
[12/07/24 19:14:45] [INFORMACIÓN] Se ha recuperado la sesion Core 
[12/07/24 19:14:45] [INFORMACIÓN] Se ha insertado la Sesion: Core 
[12/07/24 19:14:45] [INFORMACIÓN] Se ha recuperado la sesion Core 
[12/07/24 19:14:45] [INFORMACIÓN] Se ha insertado la Sesion: Core 
[12/07/24 19:14:45] [INFORMACIÓN] Se ha recuperado la sesion Core Avanzado 
[12/07/24 19:14:45] [INFORMACIÓN] Se ha insertado la Sesion: Core Avanzado 
[12/07/24 19:14:45] [INFORMACIÓN] Se ha recuperado la sesion Core Avanzado 
[12/07/24 19:14:45] [INFORMACIÓN] Se ha insertado la Sesion: Core Avanzado 
[12/07/24 19:14:45] [INFORMACIÓN] Se ha recuperado la sesion Core Avanzado 
[12/07/24 19:14:45] [INFORMACIÓN] Se ha insertado la Sesion: Core Avanzado 
[12/07/24 19:14:45] [INFORMACIÓN] Se ha recuperado la sesion Core Avanzado 
[12/07/24 19:14:45] [INFORMACIÓN] Se ha insertado la Sesion: Core Avanzado 
[12/07/24 19:14:45] [INFORMACIÓN] Se ha recuperado la sesion Core Avanzado 
[12/07/24 19:14:45] [INFORMACIÓN] Se ha insertado la Sesion: Core Avanzado 
[12/07/24 19:14:45] [INFORMACIÓN] Se ha recuperado la sesion Core Avanzado 
[12/07/24 19:14:45] [INFORMACIÓN] Se ha insertado la Sesion: Core Avanzado 
[12/07/24 19:14:45] [INFORMACIÓN] Se ha recuperado la sesion Core Avanzado 
[12/07/24 19:14:45] [INFORMACIÓN] Se ha insertado la Sesion: Core Avanzado 
[12/07/24 19:14:45] [INFORMACIÓN] Se ha recuperado la sesion Core Avanzado 
[12/07/24 19:14:45] [INFORMACIÓN] Se ha insertado la Sesion: Core Avanzado 
[12/07/24 19:14:45] [INFORMACIÓN] Se ha recuperado la sesion Core Avanzado 
[12/07/24 19:14:45] [INFORMACIÓN] Se ha insertado la Sesion: Core Avanzado 
[12/07/24 19:14:45] [INFORMACIÓN] Se ha recuperado la sesion Core Avanzado 
[12/07/24 19:14:45] [INFORMACIÓN] Se ha insertado la Sesion: Core Avanzado 
[12/07/24 19:14:45] [INFORMACIÓN] Se ha recuperado la sesion Core Avanzado 
[12/07/24 19:14:45] [INFORMACIÓN] Se ha insertado la Sesion: Core Avanzado 
[12/07/24 19:14:45] [INFORMACIÓN] Se ha recuperado la sesion Core Avanzado 
[12/07/24 19:14:45] [INFORMACIÓN] Se ha insertado la Sesion: Core Avanzado 
[12/07/24 19:14:45] [INFORMACIÓN] Se ha recuperado la sesion Core Avanzado 
[12/07/24 19:14:46] [INFORMACIÓN] Se ha insertado la Sesion: Core Avanzado 
[12/07/24 19:14:46] [INFORMACIÓN] Se ha recuperado la sesion Core Avanzado 
[12/07/24 19:14:46] [INFORMACIÓN] Se ha insertado la Sesion: Core Avanzado 
[12/07/24 19:14:46] [INFORMACIÓN] Se ha recuperado la sesion Core Avanzado 
[12/07/24 19:14:46] [INFORMACIÓN] Se ha insertado la Sesion: Core Avanzado 
[12/07/24 19:14:46] [INFORMACIÓN] Se ha recuperado la sesion Equilibrio 
[12/07/24 19:14:46] [INFORMACIÓN] Se ha insertado la Sesion: Equilibrio 
[12/07/24 19:14:46] [INFORMACIÓN] Se ha recuperado la sesion Equilibrio 
[12/07/24 19:14:46] [INFORMACIÓN] Se ha insertado la Sesion: Equilibrio 
[12/07/24 19:14:46] [INFORMACIÓN] Se ha recuperado la sesion Equilibrio 
[12/07/24 19:14:46] [INFORMACIÓN] Se ha insertado la Sesion: Equilibrio 
[12/07/24 19:14:46] [INFORMACIÓN] Se ha recuperado la sesion Equilibrio 
[12/07/24 19:14:46] [INFORMACIÓN] Se ha insertado la Sesion: Equilibrio 
[12/07/24 19:14:46] [INFORMACIÓN] Se ha recuperado la sesion Equilibrio 
[12/07/24 19:14:46] [INFORMACIÓN] Se ha insertado la Sesion: Equilibrio 
[12/07/24 19:14:46] [INFORMACIÓN] Se ha recuperado la sesion Equilibrio 
[12/07/24 19:14:46] [INFORMACIÓN] Se ha insertado la Sesion: Equilibrio 
[12/07/24 19:14:46] [INFORMACIÓN] Se ha recuperado la sesion Equilibrio 
[12/07/24 19:14:46] [INFORMACIÓN] Se ha insertado la Sesion: Equilibrio 
[12/07/24 19:14:46] [INFORMACIÓN] Se ha recuperado la sesion Equilibrio 
[12/07/24 19:14:46] [INFORMACIÓN] Se ha insertado la Sesion: Equilibrio 
[12/07/24 19:14:46] [INFORMACIÓN] Se ha recuperado la sesion Equilibrio 
[12/07/24 19:14:46] [INFORMACIÓN] Se ha insertado la Sesion: Equilibrio 
[12/07/24 19:14:46] [INFORMACIÓN] Se ha recuperado la sesion Equilibrio 
[12/07/24 19:14:46] [INFORMACIÓN] Se ha insertado la Sesion: Equilibrio 
[12/07/24 19:14:46] [INFORMACIÓN] Se ha recuperado la sesion Equilibrio 
[12/07/24 19:14:46] [INFORMACIÓN] Se ha insertado la Sesion: Equilibrio 
[12/07/24 19:14:46] [INFORMACIÓN] Se ha recuperado la sesion Equilibrio 
[12/07/24 19:14:46] [INFORMACIÓN] Se ha insertado la Sesion: Equilibrio 
[12/07/24 19:14:46] [INFORMACIÓN] Se ha recuperado la sesion Equilibrio 
[12/07/24 19:14:46] [INFORMACIÓN] Se ha insertado la Sesion: Equilibrio 
[12/07/24 19:14:46] [INFORMACIÓN] Se ha recuperado la sesion Equilibrio 
[12/07/24 19:14:46] [INFORMACIÓN] Se ha insertado la Sesion: Equilibrio 
[12/07/24 19:14:46] [INFORMACIÓN] Se ha recuperado la sesion Equilibrio 
[12/07/24 19:14:46] [INFORMACIÓN] Se ha insertado la Sesion: Equilibrio 
[12/07/24 19:14:46] [INFORMACIÓN] Se ha recuperado la sesion Gimnasia 
[12/07/24 19:14:46] [INFORMACIÓN] Se ha insertado la Sesion: Gimnasia 
[12/07/24 19:14:46] [INFORMACIÓN] Se ha recuperado la sesion Gimnasia 
[12/07/24 19:14:46] [INFORMACIÓN] Se ha insertado la Sesion: Gimnasia 
[12/07/24 19:14:46] [INFORMACIÓN] Se ha recuperado la sesion Gimnasia 
[12/07/24 19:14:46] [INFORMACIÓN] Se ha insertado la Sesion: Gimnasia 
[12/07/24 19:14:46] [INFORMACIÓN] Se ha recuperado la sesion Gimnasia 
[12/07/24 19:14:46] [INFORMACIÓN] Se ha insertado la Sesion: Gimnasia 
[12/07/24 19:14:46] [INFORMACIÓN] Se ha recuperado la sesion Gimnasia 
[12/07/24 19:14:46] [INFORMACIÓN] Se ha insertado la Sesion: Gimnasia 
[12/07/24 19:14:46] [INFORMACIÓN] Se ha recuperado la sesion Gimnasia 
[12/07/24 19:14:46] [INFORMACIÓN] Se ha insertado la Sesion: Gimnasia 
[12/07/24 19:14:46] [INFORMACIÓN] Se ha recuperado la sesion Gimnasia 
[12/07/24 19:14:46] [INFORMACIÓN] Se ha insertado la Sesion: Gimnasia 
[12/07/24 19:14:46] [INFORMACIÓN] Se ha recuperado la sesion Gimnasia 
[12/07/24 19:14:46] [INFORMACIÓN] Se ha insertado la Sesion: Gimnasia 
[12/07/24 19:14:46] [INFORMACIÓN] Se ha recuperado la sesion Gimnasia 
[12/07/24 19:14:46] [INFORMACIÓN] Se ha insertado la Sesion: Gimnasia 
[12/07/24 19:14:46] [INFORMACIÓN] Se ha recuperado la sesion Gimnasia 
[12/07/24 19:14:46] [INFORMACIÓN] Se ha insertado la Sesion: Gimnasia 
[12/07/24 19:14:46] [INFORMACIÓN] Se ha recuperado la sesion Gimnasia 
[12/07/24 19:14:46] [INFORMACIÓN] Se ha insertado la Sesion: Gimnasia 
[12/07/24 19:14:46] [INFORMACIÓN] Se ha recuperado la sesion Gimnasia 
[12/07/24 19:14:46] [INFORMACIÓN] Se ha insertado la Sesion: Gimnasia 
[12/07/24 19:14:46] [INFORMACIÓN] Se ha recuperado la sesion Gimnasia 
[12/07/24 19:14:46] [INFORMACIÓN] Se ha insertado la Sesion: Gimnasia 
[12/07/24 19:14:46] [INFORMACIÓN] Se ha recuperado la sesion Gimnasia 
[12/07/24 19:14:46] [INFORMACIÓN] Se ha insertado la Sesion: Gimnasia 
[12/07/24 19:14:46] [INFORMACIÓN] Se ha recuperado la sesion Gimnasia 
[12/07/24 19:14:46] [INFORMACIÓN] Se ha insertado la Sesion: Gimnasia 
[12/07/24 19:14:46] [INFORMACIÓN] Se ha recuperado la sesion HIIT 
[12/07/24 19:14:46] [INFORMACIÓN] Se ha insertado la Sesion: HIIT 
[12/07/24 19:14:46] [INFORMACIÓN] Se ha recuperado la sesion HIIT 
[12/07/24 19:14:46] [INFORMACIÓN] Se ha insertado la Sesion: HIIT 
[12/07/24 19:14:46] [INFORMACIÓN] Se ha recuperado la sesion HIIT 
[12/07/24 19:14:46] [INFORMACIÓN] Se ha insertado la Sesion: HIIT 
[12/07/24 19:14:46] [INFORMACIÓN] Se ha recuperado la sesion HIIT 
[12/07/24 19:14:47] [INFORMACIÓN] Se ha insertado la Sesion: HIIT 
[12/07/24 19:14:47] [INFORMACIÓN] Se ha recuperado la sesion HIIT 
[12/07/24 19:14:47] [INFORMACIÓN] Se ha insertado la Sesion: HIIT 
[12/07/24 19:14:47] [INFORMACIÓN] Se ha recuperado la sesion HIIT 
[12/07/24 19:14:47] [INFORMACIÓN] Se ha insertado la Sesion: HIIT 
[12/07/24 19:14:47] [INFORMACIÓN] Se ha recuperado la sesion HIIT 
[12/07/24 19:14:47] [INFORMACIÓN] Se ha insertado la Sesion: HIIT 
[12/07/24 19:14:47] [INFORMACIÓN] Se ha recuperado la sesion HIIT 
[12/07/24 19:14:47] [INFORMACIÓN] Se ha insertado la Sesion: HIIT 
[12/07/24 19:14:47] [INFORMACIÓN] Se ha recuperado la sesion HIIT 
[12/07/24 19:14:47] [INFORMACIÓN] Se ha insertado la Sesion: HIIT 
[12/07/24 19:14:47] [INFORMACIÓN] Se ha recuperado la sesion HIIT 
[12/07/24 19:14:47] [INFORMACIÓN] Se ha insertado la Sesion: HIIT 
[12/07/24 19:14:47] [INFORMACIÓN] Se ha recuperado la sesion HIIT 
[12/07/24 19:14:47] [INFORMACIÓN] Se ha insertado la Sesion: HIIT 
[12/07/24 19:14:47] [INFORMACIÓN] Se ha recuperado la sesion HIIT 
[12/07/24 19:14:47] [INFORMACIÓN] Se ha insertado la Sesion: HIIT 
[12/07/24 19:14:47] [INFORMACIÓN] Se ha recuperado la sesion HIIT 
[12/07/24 19:14:47] [INFORMACIÓN] Se ha insertado la Sesion: HIIT 
[12/07/24 19:14:47] [INFORMACIÓN] Se ha recuperado la sesion HIIT 
[12/07/24 19:14:47] [INFORMACIÓN] Se ha insertado la Sesion: HIIT 
[12/07/24 19:14:47] [INFORMACIÓN] Se ha recuperado la sesion HIIT 
[12/07/24 19:14:47] [INFORMACIÓN] Se ha insertado la Sesion: HIIT 
[12/07/24 19:14:47] [INFORMACIÓN] Se ha recuperado la sesion Yoga 
[12/07/24 19:14:47] [INFORMACIÓN] Se ha insertado la Sesion: Yoga 
[12/07/24 19:14:47] [INFORMACIÓN] Se ha recuperado la sesion Yoga 
[12/07/24 19:14:47] [INFORMACIÓN] Se ha insertado la Sesion: Yoga 
[12/07/24 19:14:47] [INFORMACIÓN] Se ha recuperado la sesion Yoga 
[12/07/24 19:14:47] [INFORMACIÓN] Se ha insertado la Sesion: Yoga 
[12/07/24 19:14:47] [INFORMACIÓN] Se ha recuperado la sesion Yoga 
[12/07/24 19:14:47] [INFORMACIÓN] Se ha insertado la Sesion: Yoga 
[12/07/24 19:14:47] [INFORMACIÓN] Se ha recuperado la sesion Yoga 
[12/07/24 19:14:47] [INFORMACIÓN] Se ha insertado la Sesion: Yoga 
[12/07/24 19:14:47] [INFORMACIÓN] Se ha recuperado la sesion Yoga 
[12/07/24 19:14:47] [INFORMACIÓN] Se ha insertado la Sesion: Yoga 
[12/07/24 19:14:47] [INFORMACIÓN] Se ha recuperado la sesion Yoga 
[12/07/24 19:14:47] [INFORMACIÓN] Se ha insertado la Sesion: Yoga 
[12/07/24 19:14:47] [INFORMACIÓN] Se ha recuperado la sesion Yoga 
[12/07/24 19:14:47] [INFORMACIÓN] Se ha insertado la Sesion: Yoga 
[12/07/24 19:14:47] [INFORMACIÓN] Se ha recuperado la sesion Yoga 
[12/07/24 19:14:47] [INFORMACIÓN] Se ha insertado la Sesion: Yoga 
[12/07/24 19:14:47] [INFORMACIÓN] Se ha recuperado la sesion Yoga 
[12/07/24 19:14:47] [INFORMACIÓN] Se ha insertado la Sesion: Yoga 
[12/07/24 19:14:47] [INFORMACIÓN] Se ha recuperado la sesion Yoga 
[12/07/24 19:14:47] [INFORMACIÓN] Se ha insertado la Sesion: Yoga 
[12/07/24 19:14:47] [INFORMACIÓN] Se ha recuperado la sesion Yoga 
[12/07/24 19:14:47] [INFORMACIÓN] Se ha insertado la Sesion: Yoga 
[12/07/24 19:14:47] [INFORMACIÓN] Se ha recuperado la sesion Yoga 
[12/07/24 19:14:47] [INFORMACIÓN] Se ha insertado la Sesion: Yoga 
[12/07/24 19:14:47] [INFORMACIÓN] Se ha recuperado la sesion Yoga 
[12/07/24 19:14:47] [INFORMACIÓN] Se ha insertado la Sesion: Yoga 
[12/07/24 19:14:47] [INFORMACIÓN] Se ha recuperado la sesion Yoga 
[12/07/24 19:14:47] [INFORMACIÓN] Se ha insertado la Sesion: Yoga 
